{
	"/home/thangved/Workspace/Tex/systeam-administration-report/strawhat.com/src/database/groups.ts": {
		"path": "/home/thangved/Workspace/Tex/systeam-administration-report/strawhat.com/src/database/groups.ts",
		"all": false,
		"statementMap": {
			"0": { "start": { "line": 1, "column": 0 }, "end": { "line": 1, "column": 42 } },
			"1": { "start": { "line": 2, "column": 0 }, "end": { "line": 2, "column": 0 } },
			"2": { "start": { "line": 3, "column": 0 }, "end": { "line": 3, "column": 25 } },
			"3": { "start": { "line": 4, "column": 0 }, "end": { "line": 4, "column": 2 } },
			"4": { "start": { "line": 5, "column": 0 }, "end": { "line": 5, "column": 8 } },
			"5": { "start": { "line": 6, "column": 0 }, "end": { "line": 6, "column": 23 } },
			"6": { "start": { "line": 7, "column": 0 }, "end": { "line": 7, "column": 3 } },
			"7": { "start": { "line": 8, "column": 0 }, "end": { "line": 8, "column": 2 } },
			"8": { "start": { "line": 9, "column": 0 }, "end": { "line": 9, "column": 8 } },
			"9": { "start": { "line": 10, "column": 0 }, "end": { "line": 10, "column": 19 } },
			"10": { "start": { "line": 11, "column": 0 }, "end": { "line": 11, "column": 3 } },
			"11": { "start": { "line": 12, "column": 0 }, "end": { "line": 12, "column": 2 } },
			"12": { "start": { "line": 13, "column": 0 }, "end": { "line": 13, "column": 8 } },
			"13": { "start": { "line": 14, "column": 0 }, "end": { "line": 14, "column": 21 } },
			"14": { "start": { "line": 15, "column": 0 }, "end": { "line": 15, "column": 3 } },
			"15": { "start": { "line": 16, "column": 0 }, "end": { "line": 16, "column": 2 } },
			"16": { "start": { "line": 17, "column": 0 }, "end": { "line": 17, "column": 0 } },
			"17": { "start": { "line": 18, "column": 0 }, "end": { "line": 18, "column": 22 } }
		},
		"s": {
			"0": 1,
			"1": 1,
			"2": 1,
			"3": 1,
			"4": 1,
			"5": 1,
			"6": 1,
			"7": 1,
			"8": 1,
			"9": 1,
			"10": 1,
			"11": 1,
			"12": 1,
			"13": 1,
			"14": 1,
			"15": 1,
			"16": 1,
			"17": 1
		},
		"branchMap": {},
		"b": {},
		"fnMap": {},
		"f": {}
	},
	"/home/thangved/Workspace/Tex/systeam-administration-report/strawhat.com/src/database/positions.ts": {
		"path": "/home/thangved/Workspace/Tex/systeam-administration-report/strawhat.com/src/database/positions.ts",
		"all": false,
		"statementMap": {
			"0": { "start": { "line": 1, "column": 0 }, "end": { "line": 1, "column": 48 } },
			"1": { "start": { "line": 2, "column": 0 }, "end": { "line": 2, "column": 0 } },
			"2": { "start": { "line": 3, "column": 0 }, "end": { "line": 3, "column": 31 } },
			"3": { "start": { "line": 4, "column": 0 }, "end": { "line": 4, "column": 2 } },
			"4": { "start": { "line": 5, "column": 0 }, "end": { "line": 5, "column": 8 } },
			"5": { "start": { "line": 6, "column": 0 }, "end": { "line": 6, "column": 19 } },
			"6": { "start": { "line": 7, "column": 0 }, "end": { "line": 7, "column": 3 } },
			"7": { "start": { "line": 8, "column": 0 }, "end": { "line": 8, "column": 2 } },
			"8": { "start": { "line": 9, "column": 0 }, "end": { "line": 9, "column": 8 } },
			"9": { "start": { "line": 10, "column": 0 }, "end": { "line": 10, "column": 23 } },
			"10": { "start": { "line": 11, "column": 0 }, "end": { "line": 11, "column": 3 } },
			"11": { "start": { "line": 12, "column": 0 }, "end": { "line": 12, "column": 2 } },
			"12": { "start": { "line": 13, "column": 0 }, "end": { "line": 13, "column": 8 } },
			"13": { "start": { "line": 14, "column": 0 }, "end": { "line": 14, "column": 23 } },
			"14": { "start": { "line": 15, "column": 0 }, "end": { "line": 15, "column": 3 } },
			"15": { "start": { "line": 16, "column": 0 }, "end": { "line": 16, "column": 2 } },
			"16": { "start": { "line": 17, "column": 0 }, "end": { "line": 17, "column": 8 } },
			"17": { "start": { "line": 18, "column": 0 }, "end": { "line": 18, "column": 20 } },
			"18": { "start": { "line": 19, "column": 0 }, "end": { "line": 19, "column": 3 } },
			"19": { "start": { "line": 20, "column": 0 }, "end": { "line": 20, "column": 2 } },
			"20": { "start": { "line": 21, "column": 0 }, "end": { "line": 21, "column": 0 } },
			"21": { "start": { "line": 22, "column": 0 }, "end": { "line": 22, "column": 25 } }
		},
		"s": {
			"0": 1,
			"1": 1,
			"2": 1,
			"3": 1,
			"4": 1,
			"5": 1,
			"6": 1,
			"7": 1,
			"8": 1,
			"9": 1,
			"10": 1,
			"11": 1,
			"12": 1,
			"13": 1,
			"14": 1,
			"15": 1,
			"16": 1,
			"17": 1,
			"18": 1,
			"19": 1,
			"20": 1,
			"21": 1
		},
		"branchMap": {},
		"b": {},
		"fnMap": {},
		"f": {}
	},
	"/home/thangved/Workspace/Tex/systeam-administration-report/strawhat.com/src/database/users.ts": {
		"path": "/home/thangved/Workspace/Tex/systeam-administration-report/strawhat.com/src/database/users.ts",
		"all": false,
		"statementMap": {
			"0": { "start": { "line": 1, "column": 0 }, "end": { "line": 1, "column": 40 } },
			"1": { "start": { "line": 2, "column": 0 }, "end": { "line": 2, "column": 30 } },
			"2": { "start": { "line": 3, "column": 0 }, "end": { "line": 3, "column": 36 } },
			"3": { "start": { "line": 4, "column": 0 }, "end": { "line": 4, "column": 0 } },
			"4": { "start": { "line": 5, "column": 0 }, "end": { "line": 5, "column": 23 } },
			"5": { "start": { "line": 6, "column": 0 }, "end": { "line": 6, "column": 2 } },
			"6": { "start": { "line": 7, "column": 0 }, "end": { "line": 7, "column": 8 } },
			"7": { "start": { "line": 8, "column": 0 }, "end": { "line": 8, "column": 20 } },
			"8": { "start": { "line": 9, "column": 0 }, "end": { "line": 9, "column": 43 } },
			"9": { "start": { "line": 10, "column": 0 }, "end": { "line": 10, "column": 20 } },
			"10": { "start": { "line": 11, "column": 0 }, "end": { "line": 11, "column": 19 } },
			"11": { "start": { "line": 12, "column": 0 }, "end": { "line": 12, "column": 25 } },
			"12": { "start": { "line": 13, "column": 0 }, "end": { "line": 13, "column": 3 } },
			"13": { "start": { "line": 14, "column": 0 }, "end": { "line": 14, "column": 2 } },
			"14": { "start": { "line": 15, "column": 0 }, "end": { "line": 15, "column": 8 } },
			"15": { "start": { "line": 16, "column": 0 }, "end": { "line": 16, "column": 19 } },
			"16": { "start": { "line": 17, "column": 0 }, "end": { "line": 17, "column": 42 } },
			"17": { "start": { "line": 18, "column": 0 }, "end": { "line": 18, "column": 19 } },
			"18": { "start": { "line": 19, "column": 0 }, "end": { "line": 19, "column": 19 } },
			"19": { "start": { "line": 20, "column": 0 }, "end": { "line": 20, "column": 25 } },
			"20": { "start": { "line": 21, "column": 0 }, "end": { "line": 21, "column": 3 } },
			"21": { "start": { "line": 22, "column": 0 }, "end": { "line": 22, "column": 2 } },
			"22": { "start": { "line": 23, "column": 0 }, "end": { "line": 23, "column": 8 } },
			"23": { "start": { "line": 24, "column": 0 }, "end": { "line": 24, "column": 19 } },
			"24": { "start": { "line": 25, "column": 0 }, "end": { "line": 25, "column": 40 } },
			"25": { "start": { "line": 26, "column": 0 }, "end": { "line": 26, "column": 19 } },
			"26": { "start": { "line": 27, "column": 0 }, "end": { "line": 27, "column": 19 } },
			"27": { "start": { "line": 28, "column": 0 }, "end": { "line": 28, "column": 25 } },
			"28": { "start": { "line": 29, "column": 0 }, "end": { "line": 29, "column": 3 } },
			"29": { "start": { "line": 30, "column": 0 }, "end": { "line": 30, "column": 2 } },
			"30": { "start": { "line": 31, "column": 0 }, "end": { "line": 31, "column": 8 } },
			"31": { "start": { "line": 32, "column": 0 }, "end": { "line": 32, "column": 20 } },
			"32": { "start": { "line": 33, "column": 0 }, "end": { "line": 33, "column": 30 } },
			"33": { "start": { "line": 34, "column": 0 }, "end": { "line": 34, "column": 20 } },
			"34": { "start": { "line": 35, "column": 0 }, "end": { "line": 35, "column": 19 } },
			"35": { "start": { "line": 36, "column": 0 }, "end": { "line": 36, "column": 25 } },
			"36": { "start": { "line": 37, "column": 0 }, "end": { "line": 37, "column": 3 } },
			"37": { "start": { "line": 38, "column": 0 }, "end": { "line": 38, "column": 2 } },
			"38": { "start": { "line": 39, "column": 0 }, "end": { "line": 39, "column": 8 } },
			"39": { "start": { "line": 40, "column": 0 }, "end": { "line": 40, "column": 20 } },
			"40": { "start": { "line": 41, "column": 0 }, "end": { "line": 41, "column": 33 } },
			"41": { "start": { "line": 42, "column": 0 }, "end": { "line": 42, "column": 20 } },
			"42": { "start": { "line": 43, "column": 0 }, "end": { "line": 43, "column": 19 } },
			"43": { "start": { "line": 44, "column": 0 }, "end": { "line": 44, "column": 25 } },
			"44": { "start": { "line": 45, "column": 0 }, "end": { "line": 45, "column": 3 } },
			"45": { "start": { "line": 46, "column": 0 }, "end": { "line": 46, "column": 2 } },
			"46": { "start": { "line": 47, "column": 0 }, "end": { "line": 47, "column": 8 } },
			"47": { "start": { "line": 48, "column": 0 }, "end": { "line": 48, "column": 20 } },
			"48": { "start": { "line": 49, "column": 0 }, "end": { "line": 49, "column": 37 } },
			"49": { "start": { "line": 50, "column": 0 }, "end": { "line": 50, "column": 20 } },
			"50": { "start": { "line": 51, "column": 0 }, "end": { "line": 51, "column": 19 } },
			"51": { "start": { "line": 52, "column": 0 }, "end": { "line": 52, "column": 25 } },
			"52": { "start": { "line": 53, "column": 0 }, "end": { "line": 53, "column": 3 } },
			"53": { "start": { "line": 54, "column": 0 }, "end": { "line": 54, "column": 2 } },
			"54": { "start": { "line": 55, "column": 0 }, "end": { "line": 55, "column": 8 } },
			"55": { "start": { "line": 56, "column": 0 }, "end": { "line": 56, "column": 22 } },
			"56": { "start": { "line": 57, "column": 0 }, "end": { "line": 57, "column": 36 } },
			"57": { "start": { "line": 58, "column": 0 }, "end": { "line": 58, "column": 22 } },
			"58": { "start": { "line": 59, "column": 0 }, "end": { "line": 59, "column": 19 } },
			"59": { "start": { "line": 60, "column": 0 }, "end": { "line": 60, "column": 25 } },
			"60": { "start": { "line": 61, "column": 0 }, "end": { "line": 61, "column": 3 } },
			"61": { "start": { "line": 62, "column": 0 }, "end": { "line": 62, "column": 2 } },
			"62": { "start": { "line": 63, "column": 0 }, "end": { "line": 63, "column": 0 } },
			"63": { "start": { "line": 64, "column": 0 }, "end": { "line": 64, "column": 21 } }
		},
		"s": {
			"0": 1,
			"1": 1,
			"2": 1,
			"3": 1,
			"4": 1,
			"5": 1,
			"6": 1,
			"7": 1,
			"8": 1,
			"9": 1,
			"10": 1,
			"11": 1,
			"12": 1,
			"13": 1,
			"14": 1,
			"15": 1,
			"16": 1,
			"17": 1,
			"18": 1,
			"19": 1,
			"20": 1,
			"21": 1,
			"22": 1,
			"23": 1,
			"24": 1,
			"25": 1,
			"26": 1,
			"27": 1,
			"28": 1,
			"29": 1,
			"30": 1,
			"31": 1,
			"32": 1,
			"33": 1,
			"34": 1,
			"35": 1,
			"36": 1,
			"37": 1,
			"38": 1,
			"39": 1,
			"40": 1,
			"41": 1,
			"42": 1,
			"43": 1,
			"44": 1,
			"45": 1,
			"46": 1,
			"47": 1,
			"48": 1,
			"49": 1,
			"50": 1,
			"51": 1,
			"52": 1,
			"53": 1,
			"54": 1,
			"55": 1,
			"56": 1,
			"57": 1,
			"58": 1,
			"59": 1,
			"60": 1,
			"61": 1,
			"62": 1,
			"63": 1
		},
		"branchMap": {},
		"b": {},
		"fnMap": {},
		"f": {}
	}
}
